0 info it worked if it ends with ok
1 verbose cli [ 'C:\\Program Files\\nodejs\\node.exe',
1 verbose cli   'C:\\Users\\Administrator\\AppData\\Roaming\\npm\\node_modules\\npm\\bin\\npm-cli.js',
1 verbose cli   'install',
1 verbose cli   'excel-class' ]
2 info using npm@3.8.2
3 info using node@v6.9.1
4 silly loadCurrentTree Starting
5 silly install loadCurrentTree
6 silly install readLocalPackageData
7 silly fetchPackageMetaData excel-class
8 silly fetchNamedPackageData excel-class
9 silly mapToRegistry name excel-class
10 silly mapToRegistry using default registry
11 silly mapToRegistry registry http://registry.npmjs.org/
12 silly mapToRegistry uri http://registry.npmjs.org/excel-class
13 verbose request uri http://registry.npmjs.org/excel-class
14 verbose request no auth needed
15 info attempt registry request try #1 at 17:03:48
16 verbose request using bearer token for auth
17 verbose request id 29c801316cb679a0
18 http request GET http://registry.npmjs.org/excel-class
19 http 200 http://registry.npmjs.org/excel-class
20 verbose headers { server: 'nginx/1.10.1',
20 verbose headers   'content-type': 'application/json',
20 verbose headers   'last-modified': 'Fri, 09 Dec 2016 09:02:32 GMT',
20 verbose headers   etag: 'W/"584a7328-77b"',
20 verbose headers   'content-encoding': 'gzip',
20 verbose headers   'cache-control': 'max-age=300',
20 verbose headers   'transfer-encoding': 'chunked',
20 verbose headers   'accept-ranges': 'bytes',
20 verbose headers   date: 'Fri, 09 Dec 2016 09:03:47 GMT',
20 verbose headers   via: '1.1 varnish',
20 verbose headers   connection: 'keep-alive',
20 verbose headers   'x-served-by': 'cache-hkg6823-HKG',
20 verbose headers   'x-cache': 'MISS',
20 verbose headers   'x-cache-hits': '0',
20 verbose headers   'x-timer': 'S1481274227.086635,VS0,VE184',
20 verbose headers   vary: 'Accept-Encoding' }
21 silly get cb [ 200,
21 silly get   { server: 'nginx/1.10.1',
21 silly get     'content-type': 'application/json',
21 silly get     'last-modified': 'Fri, 09 Dec 2016 09:02:32 GMT',
21 silly get     etag: 'W/"584a7328-77b"',
21 silly get     'content-encoding': 'gzip',
21 silly get     'cache-control': 'max-age=300',
21 silly get     'transfer-encoding': 'chunked',
21 silly get     'accept-ranges': 'bytes',
21 silly get     date: 'Fri, 09 Dec 2016 09:03:47 GMT',
21 silly get     via: '1.1 varnish',
21 silly get     connection: 'keep-alive',
21 silly get     'x-served-by': 'cache-hkg6823-HKG',
21 silly get     'x-cache': 'MISS',
21 silly get     'x-cache-hits': '0',
21 silly get     'x-timer': 'S1481274227.086635,VS0,VE184',
21 silly get     vary: 'Accept-Encoding' } ]
22 verbose get saving excel-class to C:\Users\Administrator\AppData\Roaming\npm-cache\registry.npmjs.org\excel-class\.cache.json
23 verbose correctMkdir C:\Users\Administrator\AppData\Roaming\npm-cache correctMkdir not in flight; initializing
24 silly install normalizeTree
25 silly loadCurrentTree Finishing
26 silly loadIdealTree Starting
27 silly install loadIdealTree
28 silly cloneCurrentTree Starting
29 silly install cloneCurrentTreeToIdealTree
30 silly cloneCurrentTree Finishing
31 silly loadShrinkwrap Starting
32 silly install loadShrinkwrap
33 silly loadShrinkwrap Finishing
34 silly loadAllDepsIntoIdealTree Starting
35 silly install loadAllDepsIntoIdealTree
36 silly rollbackFailedOptional Starting
37 silly rollbackFailedOptional Finishing
38 silly runTopLevelLifecycles Starting
39 silly runTopLevelLifecycles Finishing
40 silly install printInstalled
41 verbose stack Error: Refusing to install excel-class as a dependency of itself
41 verbose stack     at checkSelf (C:\Users\Administrator\AppData\Roaming\npm\node_modules\npm\lib\install\validate-args.js:53:14)
41 verbose stack     at Array.<anonymous> (C:\Users\Administrator\AppData\Roaming\npm\node_modules\npm\node_modules\slide\lib\bind-actor.js:15:8)
41 verbose stack     at LOOP (C:\Users\Administrator\AppData\Roaming\npm\node_modules\npm\node_modules\slide\lib\chain.js:15:14)
41 verbose stack     at chain (C:\Users\Administrator\AppData\Roaming\npm\node_modules\npm\node_modules\slide\lib\chain.js:20:5)
41 verbose stack     at C:\Users\Administrator\AppData\Roaming\npm\node_modules\npm\lib\install\validate-args.js:16:5
41 verbose stack     at C:\Users\Administrator\AppData\Roaming\npm\node_modules\npm\node_modules\slide\lib\async-map.js:52:35
41 verbose stack     at Array.forEach (native)
41 verbose stack     at C:\Users\Administrator\AppData\Roaming\npm\node_modules\npm\node_modules\slide\lib\async-map.js:52:11
41 verbose stack     at Array.forEach (native)
41 verbose stack     at asyncMap (C:\Users\Administrator\AppData\Roaming\npm\node_modules\npm\node_modules\slide\lib\async-map.js:51:8)
42 verbose cwd C:\Users\Administrator\Desktop\excel-class
43 error Windows_NT 6.1.7601
44 error argv "C:\\Program Files\\nodejs\\node.exe" "C:\\Users\\Administrator\\AppData\\Roaming\\npm\\node_modules\\npm\\bin\\npm-cli.js" "install" "excel-class"
45 error node v6.9.1
46 error npm  v3.8.2
47 error code ENOSELF
48 error Refusing to install excel-class as a dependency of itself
49 error If you need help, you may report this error at:
49 error     <https://github.com/npm/npm/issues>
50 verbose exit [ 1, true ]
